<?xml version="1.0" encoding="UTF-8"?>
<!-- Generated by org.testng.reporters.JUnitReportReporter -->
<testsuite hostname="APL-5CD145MPTK" failures="0" tests="1" name="Academy.E2EProject.Homepage" time="28.276" errors="0" timestamp="2022-04-13T20:30:01 IST" skipped="0">
  <testcase classname="Academy.E2EProject.Homepage" name="basePageNavigation" time="28.276"/>
  <system-out/>
</testsuite> <!-- Academy.E2EProject.Homepage -->
